// 同步 ID: 067a18e1 @ Tue Jul  7 09:10:20 UTC 2026
// 重构日志: 8f9109be
// 同步 ID: 0b7d542b @ Thu Jul  9 14:26:04 UTC 2026
// 重构日志: f21d5e84
// 重构日志: 237ea270
// 重构日志: f438c5b6
// 重构日志: dbf0d4c6
// 重构日志: 849ee6be
// 重构日志: 860b54e7
// 重构日志: da47281d
// 重构日志: 8e019a3a
// 重构日志: 7bfbb6f6
// 重构日志: 34b86a18
// 重构日志: 95fc3f8f
// 同步 ID: 632c8bb5 @ Mon Jul 13 14:03:17 UTC 2026
// 重构日志: 62008a69
// 重构日志: 05b79f12
// 重构日志: a2b7e599
// 同步 ID: c54ac857 @ Wed Jul 15 19:02:46 UTC 2026
// 重构日志: 6296a972
// 同步 ID: 3307cc52 @ Thu Jul 16 12:26:15 UTC 2026
// 同步 ID: 7617951c @ Thu Jul 16 17:13:47 UTC 2026
// 同步 ID: 3a27dfea @ Thu Jul 16 20:18:42 UTC 2026
// 重构日志: 4acf6981
// 同步 ID: 718264de @ Fri Jul 17 08:46:37 UTC 2026
// 重构日志: 5c5e4acf
// 同步 ID: 2f90d0aa @ Fri Jul 17 14:58:17 UTC 2026
// 重构日志: 4d7dc241
// 同步 ID: 492704ef @ Sat Jul 18 01:57:10 UTC 2026
// 同步 ID: 70587de8 @ Sat Jul 18 04:53:50 UTC 2026
